CRITICAL - 2022-07-27 15:23:29 --> Invalid file: libros/condicional1.php
in SYSTEMPATH/Exceptions/FrameworkException.php on line 33.
 1 SYSTEMPATH/View/View.php(201): CodeIgniter\Exceptions\FrameworkException::forInvalidFile('libros/condicional1.php')
 2 SYSTEMPATH/Common.php(1135): CodeIgniter\View\View->render('libros/condicional1', [], true)
 3 APPPATH/Controllers/Libros.php(14): view('libros/condicional1')
 4 SYSTEMPATH/CodeIgniter.php(896): App\Controllers\Libros->index()
 5 SYSTEMPATH/CodeIgniter.php(466): CodeIgniter\CodeIgniter->runController(Object(App\Controllers\Libros))
 6 SYSTEMPATH/CodeIgniter.php(349): CodeIgniter\CodeIgniter->handleRequest(null, Object(Config\Cache), false)
 7 FCPATH/index.php(55): CodeIgniter\CodeIgniter->run()
CRITICAL - 2022-07-27 16:26:40 --> Undefined variable $cabecera
in APPPATH/Views/libros/crear.php on line 1.
 1 APPPATH/Views/libros/crear.php(1): CodeIgniter\Debug\Exceptions->errorHandler(2, 'Undefined variable $cabecera', 'APPPATH/Views/libros/crear.php', 1)
 2 SYSTEMPATH/View/View.php(213): include('APPPATH/Views/libros/crear.php')
 3 SYSTEMPATH/View/View.php(216): CodeIgniter\View\View->CodeIgniter\View\{closure}()
 4 SYSTEMPATH/Common.php(1135): CodeIgniter\View\View->render('libros/crear', [], true)
 5 APPPATH/Controllers/Home.php(9): view('libros/crear')
 6 SYSTEMPATH/CodeIgniter.php(896): App\Controllers\Home->index()
 7 SYSTEMPATH/CodeIgniter.php(466): CodeIgniter\CodeIgniter->runController(Object(App\Controllers\Home))
 8 SYSTEMPATH/CodeIgniter.php(349): CodeIgniter\CodeIgniter->handleRequest(null, Object(Config\Cache), false)
 9 FCPATH/index.php(55): CodeIgniter\CodeIgniter->run()
CRITICAL - 2022-07-27 16:27:28 --> Undefined variable $cabecera
in APPPATH/Views/libros/crear.php on line 1.
 1 APPPATH/Views/libros/crear.php(1): CodeIgniter\Debug\Exceptions->errorHandler(2, 'Undefined variable $cabecera', 'APPPATH/Views/libros/crear.php', 1)
 2 SYSTEMPATH/View/View.php(213): include('APPPATH/Views/libros/crear.php')
 3 SYSTEMPATH/View/View.php(216): CodeIgniter\View\View->CodeIgniter\View\{closure}()
 4 SYSTEMPATH/Common.php(1135): CodeIgniter\View\View->render('libros/crear', [], true)
 5 APPPATH/Controllers/Home.php(9): view('libros/crear')
 6 SYSTEMPATH/CodeIgniter.php(896): App\Controllers\Home->index()
 7 SYSTEMPATH/CodeIgniter.php(466): CodeIgniter\CodeIgniter->runController(Object(App\Controllers\Home))
 8 SYSTEMPATH/CodeIgniter.php(349): CodeIgniter\CodeIgniter->handleRequest(null, Object(Config\Cache), false)
 9 FCPATH/index.php(55): CodeIgniter\CodeIgniter->run()
CRITICAL - 2022-07-27 16:27:38 --> Undefined variable $cabecera
in APPPATH/Views/libros/crear.php on line 1.
 1 APPPATH/Views/libros/crear.php(1): CodeIgniter\Debug\Exceptions->errorHandler(2, 'Undefined variable $cabecera', 'APPPATH/Views/libros/crear.php', 1)
 2 SYSTEMPATH/View/View.php(213): include('APPPATH/Views/libros/crear.php')
 3 SYSTEMPATH/View/View.php(216): CodeIgniter\View\View->CodeIgniter\View\{closure}()
 4 SYSTEMPATH/Common.php(1135): CodeIgniter\View\View->render('libros/crear', [], true)
 5 APPPATH/Controllers/Home.php(9): view('libros/crear')
 6 SYSTEMPATH/CodeIgniter.php(896): App\Controllers\Home->index()
 7 SYSTEMPATH/CodeIgniter.php(466): CodeIgniter\CodeIgniter->runController(Object(App\Controllers\Home))
 8 SYSTEMPATH/CodeIgniter.php(349): CodeIgniter\CodeIgniter->handleRequest(null, Object(Config\Cache), false)
 9 FCPATH/index.php(55): CodeIgniter\CodeIgniter->run()
CRITICAL - 2022-07-27 16:28:19 --> Undefined variable $cabecera
in APPPATH/Views/libros/crear.php on line 1.
 1 APPPATH/Views/libros/crear.php(1): CodeIgniter\Debug\Exceptions->errorHandler(2, 'Undefined variable $cabecera', 'APPPATH/Views/libros/crear.php', 1)
 2 SYSTEMPATH/View/View.php(213): include('APPPATH/Views/libros/crear.php')
 3 SYSTEMPATH/View/View.php(216): CodeIgniter\View\View->CodeIgniter\View\{closure}()
 4 SYSTEMPATH/Common.php(1135): CodeIgniter\View\View->render('libros/crear', [], true)
 5 APPPATH/Controllers/Home.php(9): view('libros/crear')
 6 SYSTEMPATH/CodeIgniter.php(896): App\Controllers\Home->index()
 7 SYSTEMPATH/CodeIgniter.php(466): CodeIgniter\CodeIgniter->runController(Object(App\Controllers\Home))
 8 SYSTEMPATH/CodeIgniter.php(349): CodeIgniter\CodeIgniter->handleRequest(null, Object(Config\Cache), false)
 9 FCPATH/index.php(55): CodeIgniter\CodeIgniter->run()
CRITICAL - 2022-07-27 16:28:28 --> Undefined variable $cabecera
in APPPATH/Views/libros/crear.php on line 1.
 1 APPPATH/Views/libros/crear.php(1): CodeIgniter\Debug\Exceptions->errorHandler(2, 'Undefined variable $cabecera', 'APPPATH/Views/libros/crear.php', 1)
 2 SYSTEMPATH/View/View.php(213): include('APPPATH/Views/libros/crear.php')
 3 SYSTEMPATH/View/View.php(216): CodeIgniter\View\View->CodeIgniter\View\{closure}()
 4 SYSTEMPATH/Common.php(1135): CodeIgniter\View\View->render('libros/crear', [], true)
 5 APPPATH/Controllers/Home.php(9): view('libros/crear')
 6 SYSTEMPATH/CodeIgniter.php(896): App\Controllers\Home->index()
 7 SYSTEMPATH/CodeIgniter.php(466): CodeIgniter\CodeIgniter->runController(Object(App\Controllers\Home))
 8 SYSTEMPATH/CodeIgniter.php(349): CodeIgniter\CodeIgniter->handleRequest(null, Object(Config\Cache), false)
 9 FCPATH/index.php(55): CodeIgniter\CodeIgniter->run()
CRITICAL - 2022-07-27 18:11:44 --> Undefined variable $cabecera
in APPPATH/Views/libros/crear.php on line 1.
 1 APPPATH/Views/libros/crear.php(1): CodeIgniter\Debug\Exceptions->errorHandler(2, 'Undefined variable $cabecera', 'APPPATH/Views/libros/crear.php', 1)
 2 SYSTEMPATH/View/View.php(213): include('APPPATH/Views/libros/crear.php')
 3 SYSTEMPATH/View/View.php(216): CodeIgniter\View\View->CodeIgniter\View\{closure}()
 4 SYSTEMPATH/Common.php(1135): CodeIgniter\View\View->render('libros/crear', [], true)
 5 APPPATH/Controllers/Home.php(9): view('libros/crear')
 6 SYSTEMPATH/CodeIgniter.php(896): App\Controllers\Home->index()
 7 SYSTEMPATH/CodeIgniter.php(466): CodeIgniter\CodeIgniter->runController(Object(App\Controllers\Home))
 8 SYSTEMPATH/CodeIgniter.php(349): CodeIgniter\CodeIgniter->handleRequest(null, Object(Config\Cache), false)
 9 FCPATH/index.php(55): CodeIgniter\CodeIgniter->run()
CRITICAL - 2022-07-27 18:11:50 --> Undefined variable $cabecera
in APPPATH/Views/libros/crear.php on line 1.
 1 APPPATH/Views/libros/crear.php(1): CodeIgniter\Debug\Exceptions->errorHandler(2, 'Undefined variable $cabecera', 'APPPATH/Views/libros/crear.php', 1)
 2 SYSTEMPATH/View/View.php(213): include('APPPATH/Views/libros/crear.php')
 3 SYSTEMPATH/View/View.php(216): CodeIgniter\View\View->CodeIgniter\View\{closure}()
 4 SYSTEMPATH/Common.php(1135): CodeIgniter\View\View->render('libros/crear', [], true)
 5 APPPATH/Controllers/Home.php(9): view('libros/crear')
 6 SYSTEMPATH/CodeIgniter.php(896): App\Controllers\Home->index()
 7 SYSTEMPATH/CodeIgniter.php(466): CodeIgniter\CodeIgniter->runController(Object(App\Controllers\Home))
 8 SYSTEMPATH/CodeIgniter.php(349): CodeIgniter\CodeIgniter->handleRequest(null, Object(Config\Cache), false)
 9 FCPATH/index.php(55): CodeIgniter\CodeIgniter->run()
CRITICAL - 2022-07-27 18:12:21 --> Undefined variable $cabecera
in APPPATH/Views/libros/crear.php on line 1.
 1 APPPATH/Views/libros/crear.php(1): CodeIgniter\Debug\Exceptions->errorHandler(2, 'Undefined variable $cabecera', 'APPPATH/Views/libros/crear.php', 1)
 2 SYSTEMPATH/View/View.php(213): include('APPPATH/Views/libros/crear.php')
 3 SYSTEMPATH/View/View.php(216): CodeIgniter\View\View->CodeIgniter\View\{closure}()
 4 SYSTEMPATH/Common.php(1135): CodeIgniter\View\View->render('libros/crear', [], true)
 5 APPPATH/Controllers/Home.php(9): view('libros/crear')
 6 SYSTEMPATH/CodeIgniter.php(896): App\Controllers\Home->index()
 7 SYSTEMPATH/CodeIgniter.php(466): CodeIgniter\CodeIgniter->runController(Object(App\Controllers\Home))
 8 SYSTEMPATH/CodeIgniter.php(349): CodeIgniter\CodeIgniter->handleRequest(null, Object(Config\Cache), false)
 9 FCPATH/index.php(55): CodeIgniter\CodeIgniter->run()
CRITICAL - 2022-07-27 18:12:52 --> Undefined variable $cabecera
in APPPATH/Views/libros/crear.php on line 1.
 1 APPPATH/Views/libros/crear.php(1): CodeIgniter\Debug\Exceptions->errorHandler(2, 'Undefined variable $cabecera', 'APPPATH/Views/libros/crear.php', 1)
 2 SYSTEMPATH/View/View.php(213): include('APPPATH/Views/libros/crear.php')
 3 SYSTEMPATH/View/View.php(216): CodeIgniter\View\View->CodeIgniter\View\{closure}()
 4 SYSTEMPATH/Common.php(1135): CodeIgniter\View\View->render('libros/crear', [], true)
 5 APPPATH/Controllers/Home.php(9): view('libros/crear')
 6 SYSTEMPATH/CodeIgniter.php(896): App\Controllers\Home->index()
 7 SYSTEMPATH/CodeIgniter.php(466): CodeIgniter\CodeIgniter->runController(Object(App\Controllers\Home))
 8 SYSTEMPATH/CodeIgniter.php(349): CodeIgniter\CodeIgniter->handleRequest(null, Object(Config\Cache), false)
 9 FCPATH/index.php(55): CodeIgniter\CodeIgniter->run()
